c:\users\soker\desktop\asco de motor\esqueleto\debug\vc142.pdb
c:\users\soker\desktop\asco de motor\esqueleto\debug\vc142.idb
c:\users\soker\desktop\asco de motor\esqueleto\debug\game.pch
c:\users\soker\desktop\asco de motor\esqueleto\debug\stdafx.obj
c:\users\soker\desktop\asco de motor\esqueleto\debug\character.obj
c:\users\soker\desktop\asco de motor\esqueleto\debug\gameconfig.obj
c:\users\soker\desktop\asco de motor\esqueleto\debug\folderwatcher-win.obj
c:\users\soker\desktop\asco de motor\esqueleto\debug\gluthost.obj
c:\users\soker\desktop\asco de motor\esqueleto\debug\gluthostmain.obj
c:\users\soker\desktop\asco de motor\esqueleto\debug\particlepresets.obj
c:\users\soker\desktop\asco de motor\esqueleto\debug\params.obj
c:\users\soker\desktop\asco de motor\esqueleto\bin\win32\debug\game.ilk
c:\users\soker\desktop\asco de motor\esqueleto\bin\win32\debug\game.exe
c:\users\soker\desktop\asco de motor\esqueleto\bin\win32\debug\game.pdb
c:\users\soker\desktop\asco de motor\esqueleto\debug\game.tlog\cl.command.1.tlog
c:\users\soker\desktop\asco de motor\esqueleto\debug\game.tlog\cl.read.1.tlog
c:\users\soker\desktop\asco de motor\esqueleto\debug\game.tlog\cl.write.1.tlog
c:\users\soker\desktop\asco de motor\esqueleto\debug\game.tlog\link.command.1.tlog
c:\users\soker\desktop\asco de motor\esqueleto\debug\game.tlog\link.read.1.tlog
c:\users\soker\desktop\asco de motor\esqueleto\debug\game.tlog\link.write.1.tlog
